
Showing logs for build [32mcb-kubecd-environment-pr-164-29-j2k77-1[0m stage [32mfrom-build-pack[0m and container [32mstep-credential-initializer-f489j[0m
{"level":"warn","ts":1582220180.4562716,"logger":"fallback-logger","caller":"logging/config.go:69","msg":"Fetch GitHub commit ID from kodata failed: \"ref: refs/heads/0.8.0-**-support-backwards-incompats\" is not a valid GitHub commit ID"}
{"level":"info","ts":1582220180.4570978,"logger":"fallback-logger","caller":"creds-init/main.go:40","msg":"Credentials initialized."}

Showing logs for build [32mcb-kubecd-environment-pr-164-29-j2k77-1[0m stage [32mfrom-build-pack[0m and container [32mstep-working-dir-initializer-7lt8z[0m
{"level":"warn","ts":1582220181.5142329,"logger":"fallback-logger","caller":"logging/config.go:69","msg":"Fetch GitHub commit ID from kodata failed: open /var/run/ko/HEAD: no such file or directory"}
{"level":"info","ts":1582220181.5192475,"logger":"fallback-logger","caller":"bash/main.go:64","msg":"Successfully executed command \"sh -c mkdir -p /workspace/source\"; output "}

Showing logs for build [32mcb-kubecd-environment-pr-164-29-j2k77-1[0m stage [32mfrom-build-pack[0m and container [32mstep-place-tools[0m

Showing logs for build [32mcb-kubecd-environment-pr-164-29-j2k77-1[0m stage [32mfrom-build-pack[0m and container [32mstep-git-source-cb-kubecd-environment-pr-164-29-j2k77-9zcgg[0m
{"level":"warn","ts":1582220185.6734319,"logger":"fallback-logger","caller":"logging/config.go:69","msg":"Fetch GitHub commit ID from kodata failed: \"ref: refs/heads/0.8.0-**-support-backwards-incompats\" is not a valid GitHub commit ID"}
{"level":"info","ts":1582220186.7164817,"logger":"fallback-logger","caller":"git/git.go:103","msg":"Successfully cloned https://github.com/cb-kubecd/environment-pr-164-29-boot-gke-staging.git @ master in path /workspace/source"}

Showing logs for build [32mcb-kubecd-environment-pr-164-29-j2k77-1[0m stage [32mfrom-build-pack[0m and container [32mstep-git-merge[0m
Using SHAs from PULL_REFS=master:d40114221b28965e7b2d4a308f079b3e974cd3b7,6:d0cf8feb4c079cfd305c97184f4f83dbd7a6c0b0
DEBUG: LC_ALL=C JX_LOG_LEVEL=error git fetch origin --unshallow d0cf8feb4c079cfd305c97184f4f83dbd7a6c0b0: d40114221b28965e7b2d4a308f079b3e974cd3b7:
DEBUG: ran git fetch --unshallow origin d0cf8feb4c079cfd305c97184f4f83dbd7a6c0b0: d40114221b28965e7b2d4a308f079b3e974cd3b7: in 
DEBUG: LC_ALL=C JX_LOG_LEVEL=error git branch
DEBUG: LC_ALL=C JX_LOG_LEVEL=error git checkout master
DEBUG: ran git checkout master in 
DEBUG: LC_ALL=C JX_LOG_LEVEL=error git reset --hard d40114221b28965e7b2d4a308f079b3e974cd3b7
DEBUG: ran git reset --hard d40114221b28965e7b2d4a308f079b3e974cd3b7 in 
DEBUG: LC_ALL=C JX_LOG_LEVEL=error git clean -fd .
DEBUG: ran clean --force -d . in 
DEBUG: LC_ALL=C JX_LOG_LEVEL=error git merge d0cf8feb4c079cfd305c97184f4f83dbd7a6c0b0
DEBUG: ran git merge d0cf8feb4c079cfd305c97184f4f83dbd7a6c0b0 in 
DEBUG: LC_ALL=C JX_LOG_LEVEL=error git log --format=%H%x1f%an%x1f%ae%x1f%cn%x1f%ce%x1f%s%n%b%x1e d40114221b28965e7b2d4a308f079b3e974cd3b7..HEAD
Merged SHA d0cf8feb4c079cfd305c97184f4f83dbd7a6c0b0 with commit message 'chore: Promote bdd-nh-import-1582219316 to version 0.0.1' into base branch master

Showing logs for build [32mcb-kubecd-environment-pr-164-29-j2k77-1[0m stage [32mfrom-build-pack[0m and container [32mstep-build-helm-build[0m
WARNING: No $CHART_REPOSITORY defined so using the default value of: http://jenkins-x-chartmuseum:8080
Adding missing Helm repo: storage.googleapis.com https://storage.googleapis.com/chartmuseum.jenkins-x.io
WARNING: No secrets found on "helm/repos" due: reading the secret "helm/repos" from vault: no secret "helm/repos" not found in vault
Read credentials for https://storage.googleapis.com/chartmuseum.jenkins-x.io from vault helm/repos
Successfully added Helm repository storage.googleapis.com.
Adding missing Helm repo: jenkins-x-chartmuseum http://jenkins-x-chartmuseum:8080
WARNING: No secrets found on "helm/repos" due: reading the secret "helm/repos" from vault: no secret "helm/repos" not found in vault
Read credentials for http://jenkins-x-chartmuseum:8080 from vault helm/repos
Successfully added Helm repository jenkins-x-chartmuseum.
WARNING: No $CHART_REPOSITORY defined so using the default value of: http://jenkins-x-chartmuseum:8080
Adding missing Helm repo: chartmuseum.jenkins-x.io http://chartmuseum.jenkins-x.io
WARNING: No secrets found on "helm/repos" due: reading the secret "helm/repos" from vault: no secret "helm/repos" not found in vault
Read credentials for http://chartmuseum.jenkins-x.io from vault helm/repos
Successfully added Helm repository chartmuseum.jenkins-x.io.
